{"D:\\VSCode\\Assignment2\\as2\\src\\frontend\\assets\\CustomRoundedButton.jsx": {"path":"D:\\VSCode\\Assignment2\\as2\\src\\frontend\\assets\\CustomRoundedButton.jsx","statementMap":{"0":{"start":{"line":1,"column":28},"end":{"line":24,"column":1}},"1":{"start":{"line":2,"column":26},"end":{"line":2,"column":101}},"2":{"start":{"line":5,"column":21},"end":{"line":5,"column":40}},"3":{"start":{"line":6,"column":4},"end":{"line":22,"column":5}}},"fnMap":{"0":{"name":"(anonymous_0)","decl":{"start":{"line":1,"column":28},"end":{"line":1,"column":29}},"loc":{"start":{"line":1,"column":76},"end":{"line":24,"column":1}},"line":1}},"branchMap":{"0":{"loc":{"start":{"line":2,"column":26},"end":{"line":2,"column":101}},"type":"cond-expr","locations":[{"start":{"line":2,"column":80},"end":{"line":2,"column":96}},{"start":{"line":2,"column":99},"end":{"line":2,"column":101}}],"line":2},"1":{"loc":{"start":{"line":2,"column":26},"end":{"line":2,"column":77}},"type":"binary-expr","locations":[{"start":{"line":2,"column":26},"end":{"line":2,"column":52}},{"start":{"line":2,"column":56},"end":{"line":2,"column":77}}],"line":2},"2":{"loc":{"start":{"line":13,"column":24},"end":{"line":13,"column":61}},"type":"cond-expr","locations":[{"start":{"line":13,"column":35},"end":{"line":13,"column":41}},{"start":{"line":13,"column":44},"end":{"line":13,"column":61}}],"line":13},"3":{"loc":{"start":{"line":14,"column":33},"end":{"line":14,"column":67}},"type":"cond-expr","locations":[{"start":{"line":14,"column":44},"end":{"line":14,"column":51}},{"start":{"line":14,"column":54},"end":{"line":14,"column":67}}],"line":14},"4":{"loc":{"start":{"line":15,"column":23},"end":{"line":15,"column":51}},"type":"cond-expr","locations":[{"start":{"line":15,"column":34},"end":{"line":15,"column":41}},{"start":{"line":15,"column":44},"end":{"line":15,"column":51}}],"line":15}},"s":{"0":7,"1":52,"2":52,"3":52},"f":{"0":52},"b":{"0":[0,52],"1":[52,52],"2":[33,19],"3":[33,19],"4":[33,19]},"_coverageSchema":"1a1c01bbd47fc00a2c39e90264f33305004495a9","hash":"407443b82eaf2c2b0ad85fd6dbb0ad42d4351c00"}
,"D:\\VSCode\\Assignment2\\as2\\src\\frontend\\assets\\Header.jsx": {"path":"D:\\VSCode\\Assignment2\\as2\\src\\frontend\\assets\\Header.jsx","statementMap":{"0":{"start":{"line":1,"column":14},"end":{"line":20,"column":1}},"1":{"start":{"line":2,"column":4},"end":{"line":19,"column":5}}},"fnMap":{"0":{"name":"(anonymous_0)","decl":{"start":{"line":1,"column":14},"end":{"line":1,"column":15}},"loc":{"start":{"line":1,"column":18},"end":{"line":20,"column":1}},"line":1}},"branchMap":{},"s":{"0":6,"1":35},"f":{"0":35},"b":{},"_coverageSchema":"1a1c01bbd47fc00a2c39e90264f33305004495a9","hash":"2070afd37cc61a74fa974f93de4edc26e87267d6"}
,"D:\\VSCode\\Assignment2\\as2\\src\\frontend\\components\\Login.jsx": {"path":"D:\\VSCode\\Assignment2\\as2\\src\\frontend\\components\\Login.jsx","statementMap":{"0":{"start":{"line":8,"column":14},"end":{"line":129,"column":1}},"1":{"start":{"line":9,"column":21},"end":{"line":9,"column":34}},"2":{"start":{"line":10,"column":36},"end":{"line":10,"column":48}},"3":{"start":{"line":11,"column":36},"end":{"line":11,"column":48}},"4":{"start":{"line":12,"column":32},"end":{"line":12,"column":44}},"5":{"start":{"line":14,"column":24},"end":{"line":32,"column":5}},"6":{"start":{"line":15,"column":22},"end":{"line":15,"column":100}},"7":{"start":{"line":16,"column":8},"end":{"line":16,"column":25}},"8":{"start":{"line":17,"column":8},"end":{"line":31,"column":9}},"9":{"start":{"line":18,"column":12},"end":{"line":30,"column":13}},"10":{"start":{"line":19,"column":29},"end":{"line":19,"column":84}},"11":{"start":{"line":20,"column":16},"end":{"line":20,"column":43}},"12":{"start":{"line":22,"column":16},"end":{"line":26,"column":17}},"13":{"start":{"line":23,"column":20},"end":{"line":23,"column":101}},"14":{"start":{"line":25,"column":20},"end":{"line":25,"column":40}},"15":{"start":{"line":28,"column":16},"end":{"line":28,"column":37}},"16":{"start":{"line":29,"column":16},"end":{"line":29,"column":38}},"17":{"start":{"line":33,"column":4},"end":{"line":128,"column":5}},"18":{"start":{"line":85,"column":45},"end":{"line":85,"column":72}},"19":{"start":{"line":103,"column":45},"end":{"line":103,"column":72}}},"fnMap":{"0":{"name":"(anonymous_0)","decl":{"start":{"line":8,"column":14},"end":{"line":8,"column":15}},"loc":{"start":{"line":8,"column":20},"end":{"line":129,"column":1}},"line":8},"1":{"name":"(anonymous_1)","decl":{"start":{"line":14,"column":24},"end":{"line":14,"column":25}},"loc":{"start":{"line":14,"column":36},"end":{"line":32,"column":5}},"line":14},"2":{"name":"(anonymous_2)","decl":{"start":{"line":85,"column":38},"end":{"line":85,"column":39}},"loc":{"start":{"line":85,"column":45},"end":{"line":85,"column":72}},"line":85},"3":{"name":"(anonymous_3)","decl":{"start":{"line":103,"column":38},"end":{"line":103,"column":39}},"loc":{"start":{"line":103,"column":45},"end":{"line":103,"column":72}},"line":103}},"branchMap":{"0":{"loc":{"start":{"line":17,"column":8},"end":{"line":31,"column":9}},"type":"if","locations":[{"start":{"line":17,"column":8},"end":{"line":31,"column":9}},{"start":{},"end":{}}],"line":17},"1":{"loc":{"start":{"line":17,"column":12},"end":{"line":17,"column":62}},"type":"binary-expr","locations":[{"start":{"line":17,"column":12},"end":{"line":17,"column":35}},{"start":{"line":17,"column":39},"end":{"line":17,"column":62}}],"line":17},"2":{"loc":{"start":{"line":22,"column":16},"end":{"line":26,"column":17}},"type":"if","locations":[{"start":{"line":22,"column":16},"end":{"line":26,"column":17}},{"start":{"line":24,"column":23},"end":{"line":26,"column":17}}],"line":22}},"s":{"0":3,"1":18,"2":18,"3":18,"4":18,"5":18,"6":4,"7":4,"8":4,"9":3,"10":3,"11":2,"12":2,"13":1,"14":1,"15":0,"16":0,"17":18,"18":4,"19":4},"f":{"0":18,"1":4,"2":4,"3":4},"b":{"0":[3,1],"1":[4,3],"2":[1,1]},"_coverageSchema":"1a1c01bbd47fc00a2c39e90264f33305004495a9","hash":"787c5629b8bd4b16d8eba578cd2cf836e6de4b6a"}
,"D:\\VSCode\\Assignment2\\as2\\src\\frontend\\components\\ProductDetail.jsx": {"path":"D:\\VSCode\\Assignment2\\as2\\src\\frontend\\components\\ProductDetail.jsx","statementMap":{"0":{"start":{"line":4,"column":22},"end":{"line":71,"column":1}},"1":{"start":{"line":5,"column":21},"end":{"line":5,"column":34}},"2":{"start":{"line":6,"column":18},"end":{"line":6,"column":32}},"3":{"start":{"line":7,"column":20},"end":{"line":7,"column":33}},"4":{"start":{"line":9,"column":4},"end":{"line":70,"column":5}}},"fnMap":{"0":{"name":"(anonymous_0)","decl":{"start":{"line":4,"column":22},"end":{"line":4,"column":23}},"loc":{"start":{"line":4,"column":28},"end":{"line":71,"column":1}},"line":4}},"branchMap":{},"s":{"0":1,"1":1,"2":1,"3":1,"4":1},"f":{"0":1},"b":{},"_coverageSchema":"1a1c01bbd47fc00a2c39e90264f33305004495a9","hash":"7413b40c720f008681fae0cf3047b7e464e21801"}
,"D:\\VSCode\\Assignment2\\as2\\src\\frontend\\components\\ProductForm.jsx": {"path":"D:\\VSCode\\Assignment2\\as2\\src\\frontend\\components\\ProductForm.jsx","statementMap":{"0":{"start":{"line":12,"column":20},"end":{"line":200,"column":1}},"1":{"start":{"line":13,"column":21},"end":{"line":13,"column":34}},"2":{"start":{"line":14,"column":21},"end":{"line":14,"column":34}},"3":{"start":{"line":15,"column":20},"end":{"line":15,"column":43}},"4":{"start":{"line":16,"column":28},"end":{"line":24,"column":6}},"5":{"start":{"line":25,"column":32},"end":{"line":25,"column":44}},"6":{"start":{"line":26,"column":25},"end":{"line":60,"column":5}},"7":{"start":{"line":27,"column":8},"end":{"line":59,"column":9}},"8":{"start":{"line":28,"column":12},"end":{"line":42,"column":13}},"9":{"start":{"line":29,"column":38},"end":{"line":38,"column":17}},"10":{"start":{"line":30,"column":32},"end":{"line":30,"column":50}},"11":{"start":{"line":32,"column":20},"end":{"line":37,"column":22}},"12":{"start":{"line":39,"column":16},"end":{"line":39,"column":32}},"13":{"start":{"line":41,"column":16},"end":{"line":41,"column":60}},"14":{"start":{"line":44,"column":12},"end":{"line":57,"column":13}},"15":{"start":{"line":45,"column":38},"end":{"line":53,"column":17}},"16":{"start":{"line":46,"column":32},"end":{"line":46,"column":50}},"17":{"start":{"line":47,"column":20},"end":{"line":52,"column":22}},"18":{"start":{"line":54,"column":16},"end":{"line":54,"column":32}},"19":{"start":{"line":56,"column":16},"end":{"line":56,"column":60}},"20":{"start":{"line":62,"column":4},"end":{"line":199,"column":7}},"21":{"start":{"line":105,"column":24},"end":{"line":105,"column":67}},"22":{"start":{"line":110,"column":72},"end":{"line":110,"column":115}},"23":{"start":{"line":114,"column":78},"end":{"line":114,"column":124}},"24":{"start":{"line":118,"column":87},"end":{"line":118,"column":136}},"25":{"start":{"line":132,"column":32},"end":{"line":132,"column":68}},"26":{"start":{"line":171,"column":100},"end":{"line":171,"column":121}},"27":{"start":{"line":184,"column":42},"end":{"line":184,"column":63}},"28":{"start":{"line":185,"column":28},"end":{"line":185,"column":45}},"29":{"start":{"line":186,"column":28},"end":{"line":189,"column":29}},"30":{"start":{"line":187,"column":32},"end":{"line":187,"column":78}},"31":{"start":{"line":188,"column":32},"end":{"line":188,"column":47}}},"fnMap":{"0":{"name":"(anonymous_0)","decl":{"start":{"line":12,"column":20},"end":{"line":12,"column":21}},"loc":{"start":{"line":12,"column":26},"end":{"line":200,"column":1}},"line":12},"1":{"name":"(anonymous_1)","decl":{"start":{"line":26,"column":25},"end":{"line":26,"column":26}},"loc":{"start":{"line":26,"column":31},"end":{"line":60,"column":5}},"line":26},"2":{"name":"(anonymous_2)","decl":{"start":{"line":29,"column":38},"end":{"line":29,"column":39}},"loc":{"start":{"line":29,"column":50},"end":{"line":38,"column":17}},"line":29},"3":{"name":"(anonymous_3)","decl":{"start":{"line":45,"column":38},"end":{"line":45,"column":39}},"loc":{"start":{"line":45,"column":50},"end":{"line":53,"column":17}},"line":45},"4":{"name":"(anonymous_4)","decl":{"start":{"line":104,"column":65},"end":{"line":104,"column":66}},"loc":{"start":{"line":104,"column":70},"end":{"line":106,"column":21}},"line":104},"5":{"name":"(anonymous_5)","decl":{"start":{"line":110,"column":67},"end":{"line":110,"column":68}},"loc":{"start":{"line":110,"column":72},"end":{"line":110,"column":115}},"line":110},"6":{"name":"(anonymous_6)","decl":{"start":{"line":114,"column":73},"end":{"line":114,"column":74}},"loc":{"start":{"line":114,"column":78},"end":{"line":114,"column":124}},"line":114},"7":{"name":"(anonymous_7)","decl":{"start":{"line":118,"column":82},"end":{"line":118,"column":83}},"loc":{"start":{"line":118,"column":87},"end":{"line":118,"column":136}},"line":118},"8":{"name":"(anonymous_8)","decl":{"start":{"line":131,"column":38},"end":{"line":131,"column":39}},"loc":{"start":{"line":131,"column":45},"end":{"line":133,"column":29}},"line":131},"9":{"name":"(anonymous_9)","decl":{"start":{"line":171,"column":92},"end":{"line":171,"column":93}},"loc":{"start":{"line":171,"column":98},"end":{"line":171,"column":123}},"line":171},"10":{"name":"(anonymous_10)","decl":{"start":{"line":183,"column":33},"end":{"line":183,"column":34}},"loc":{"start":{"line":183,"column":39},"end":{"line":190,"column":25}},"line":183}},"branchMap":{"0":{"loc":{"start":{"line":17,"column":12},"end":{"line":17,"column":29}},"type":"binary-expr","locations":[{"start":{"line":17,"column":12},"end":{"line":17,"column":23}},{"start":{"line":17,"column":27},"end":{"line":17,"column":29}}],"line":17},"1":{"loc":{"start":{"line":18,"column":14},"end":{"line":18,"column":33}},"type":"binary-expr","locations":[{"start":{"line":18,"column":14},"end":{"line":18,"column":27}},{"start":{"line":18,"column":31},"end":{"line":18,"column":33}}],"line":18},"2":{"loc":{"start":{"line":19,"column":15},"end":{"line":19,"column":35}},"type":"binary-expr","locations":[{"start":{"line":19,"column":15},"end":{"line":19,"column":29}},{"start":{"line":19,"column":33},"end":{"line":19,"column":35}}],"line":19},"3":{"loc":{"start":{"line":20,"column":18},"end":{"line":20,"column":41}},"type":"binary-expr","locations":[{"start":{"line":20,"column":18},"end":{"line":20,"column":35}},{"start":{"line":20,"column":39},"end":{"line":20,"column":41}}],"line":20},"4":{"loc":{"start":{"line":21,"column":21},"end":{"line":21,"column":47}},"type":"binary-expr","locations":[{"start":{"line":21,"column":21},"end":{"line":21,"column":41}},{"start":{"line":21,"column":45},"end":{"line":21,"column":47}}],"line":21},"5":{"loc":{"start":{"line":22,"column":18},"end":{"line":22,"column":43}},"type":"binary-expr","locations":[{"start":{"line":22,"column":18},"end":{"line":22,"column":35}},{"start":{"line":22,"column":39},"end":{"line":22,"column":43}}],"line":22},"6":{"loc":{"start":{"line":23,"column":20},"end":{"line":23,"column":45}},"type":"binary-expr","locations":[{"start":{"line":23,"column":20},"end":{"line":23,"column":39}},{"start":{"line":23,"column":43},"end":{"line":23,"column":45}}],"line":23},"7":{"loc":{"start":{"line":27,"column":8},"end":{"line":59,"column":9}},"type":"if","locations":[{"start":{"line":27,"column":8},"end":{"line":59,"column":9}},{"start":{"line":43,"column":15},"end":{"line":59,"column":9}}],"line":27},"8":{"loc":{"start":{"line":186,"column":28},"end":{"line":189,"column":29}},"type":"if","locations":[{"start":{"line":186,"column":28},"end":{"line":189,"column":29}},{"start":{},"end":{}}],"line":186},"9":{"loc":{"start":{"line":191,"column":25},"end":{"line":191,"column":57}},"type":"cond-expr","locations":[{"start":{"line":191,"column":38},"end":{"line":191,"column":46}},{"start":{"line":191,"column":49},"end":{"line":191,"column":57}}],"line":191}},"s":{"0":2,"1":19,"2":19,"3":19,"4":19,"5":19,"6":19,"7":2,"8":1,"9":1,"10":1,"11":1,"12":1,"13":0,"14":1,"15":1,"16":1,"17":1,"18":1,"19":0,"20":19,"21":2,"22":2,"23":2,"24":2,"25":3,"26":0,"27":2,"28":2,"29":2,"30":2,"31":2},"f":{"0":19,"1":2,"2":1,"3":1,"4":2,"5":2,"6":2,"7":2,"8":3,"9":0,"10":2},"b":{"0":[19,11],"1":[19,11],"2":[19,11],"3":[19,11],"4":[19,11],"5":[19,11],"6":[19,0],"7":[1,1],"8":[2,0],"9":[8,11]},"_coverageSchema":"1a1c01bbd47fc00a2c39e90264f33305004495a9","hash":"a9e0df936de537ff29c64819203c1b55dbd47425"}
,"D:\\VSCode\\Assignment2\\as2\\src\\frontend\\components\\ProductList.jsx": {"path":"D:\\VSCode\\Assignment2\\as2\\src\\frontend\\components\\ProductList.jsx","statementMap":{"0":{"start":{"line":10,"column":20},"end":{"line":270,"column":1}},"1":{"start":{"line":12,"column":21},"end":{"line":12,"column":34}},"2":{"start":{"line":13,"column":34},"end":{"line":13,"column":48}},"3":{"start":{"line":14,"column":36},"end":{"line":14,"column":48}},"4":{"start":{"line":15,"column":40},"end":{"line":15,"column":52}},"5":{"start":{"line":16,"column":21},"end":{"line":16,"column":34}},"6":{"start":{"line":17,"column":30},"end":{"line":17,"column":69}},"7":{"start":{"line":19,"column":4},"end":{"line":26,"column":21}},"8":{"start":{"line":20,"column":4},"end":{"line":25,"column":5}},"9":{"start":{"line":22,"column":8},"end":{"line":22,"column":41}},"10":{"start":{"line":24,"column":8},"end":{"line":24,"column":52}},"11":{"start":{"line":27,"column":4},"end":{"line":31,"column":16}},"12":{"start":{"line":28,"column":8},"end":{"line":30,"column":9}},"13":{"start":{"line":29,"column":12},"end":{"line":29,"column":49}},"14":{"start":{"line":29,"column":29},"end":{"line":29,"column":41}},"15":{"start":{"line":34,"column":30},"end":{"line":42,"column":5}},"16":{"start":{"line":35,"column":8},"end":{"line":41,"column":9}},"17":{"start":{"line":36,"column":12},"end":{"line":36,"column":103}},"18":{"start":{"line":40,"column":12},"end":{"line":40,"column":91}},"19":{"start":{"line":43,"column":32},"end":{"line":45,"column":5}},"20":{"start":{"line":44,"column":8},"end":{"line":44,"column":61}},"21":{"start":{"line":47,"column":31},"end":{"line":56,"column":5}},"22":{"start":{"line":48,"column":8},"end":{"line":55,"column":9}},"23":{"start":{"line":49,"column":30},"end":{"line":49,"column":53}},"24":{"start":{"line":50,"column":12},"end":{"line":50,"column":75}},"25":{"start":{"line":50,"column":32},"end":{"line":50,"column":73}},"26":{"start":{"line":50,"column":55},"end":{"line":50,"column":72}},"27":{"start":{"line":51,"column":12},"end":{"line":51,"column":53}},"28":{"start":{"line":54,"column":12},"end":{"line":54,"column":56}},"29":{"start":{"line":58,"column":4},"end":{"line":71,"column":11}},"30":{"start":{"line":60,"column":40},"end":{"line":68,"column":9}},"31":{"start":{"line":61,"column":12},"end":{"line":67,"column":13}},"32":{"start":{"line":62,"column":47},"end":{"line":62,"column":104}},"33":{"start":{"line":63,"column":16},"end":{"line":63,"column":38}},"34":{"start":{"line":64,"column":16},"end":{"line":64,"column":42}},"35":{"start":{"line":66,"column":16},"end":{"line":66,"column":75}},"36":{"start":{"line":69,"column":8},"end":{"line":69,"column":34}},"37":{"start":{"line":70,"column":8},"end":{"line":70,"column":38}},"38":{"start":{"line":73,"column":4},"end":{"line":269,"column":5}},"39":{"start":{"line":159,"column":40},"end":{"line":244,"column":41}},"40":{"start":{"line":161,"column":68},"end":{"line":161,"column":90}},"41":{"start":{"line":162,"column":68},"end":{"line":162,"column":84}},"42":{"start":{"line":170,"column":52},"end":{"line":170,"column":81}},"43":{"start":{"line":207,"column":64},"end":{"line":207,"column":84}},"44":{"start":{"line":208,"column":64},"end":{"line":208,"column":91}},"45":{"start":{"line":230,"column":64},"end":{"line":230,"column":84}},"46":{"start":{"line":231,"column":64},"end":{"line":231,"column":95}},"47":{"start":{"line":258,"column":45},"end":{"line":258,"column":64}}},"fnMap":{"0":{"name":"(anonymous_0)","decl":{"start":{"line":10,"column":20},"end":{"line":10,"column":21}},"loc":{"start":{"line":10,"column":26},"end":{"line":270,"column":1}},"line":10},"1":{"name":"(anonymous_1)","decl":{"start":{"line":19,"column":14},"end":{"line":19,"column":15}},"loc":{"start":{"line":19,"column":20},"end":{"line":26,"column":1}},"line":19},"2":{"name":"(anonymous_2)","decl":{"start":{"line":27,"column":14},"end":{"line":27,"column":15}},"loc":{"start":{"line":27,"column":20},"end":{"line":31,"column":5}},"line":27},"3":{"name":"(anonymous_3)","decl":{"start":{"line":29,"column":23},"end":{"line":29,"column":24}},"loc":{"start":{"line":29,"column":29},"end":{"line":29,"column":41}},"line":29},"4":{"name":"(anonymous_4)","decl":{"start":{"line":34,"column":30},"end":{"line":34,"column":31}},"loc":{"start":{"line":34,"column":43},"end":{"line":42,"column":5}},"line":34},"5":{"name":"(anonymous_5)","decl":{"start":{"line":43,"column":32},"end":{"line":43,"column":33}},"loc":{"start":{"line":43,"column":45},"end":{"line":45,"column":5}},"line":43},"6":{"name":"(anonymous_6)","decl":{"start":{"line":47,"column":31},"end":{"line":47,"column":32}},"loc":{"start":{"line":47,"column":45},"end":{"line":56,"column":5}},"line":47},"7":{"name":"(anonymous_7)","decl":{"start":{"line":50,"column":24},"end":{"line":50,"column":25}},"loc":{"start":{"line":50,"column":32},"end":{"line":50,"column":73}},"line":50},"8":{"name":"(anonymous_8)","decl":{"start":{"line":50,"column":44},"end":{"line":50,"column":45}},"loc":{"start":{"line":50,"column":55},"end":{"line":50,"column":72}},"line":50},"9":{"name":"(anonymous_9)","decl":{"start":{"line":58,"column":14},"end":{"line":58,"column":15}},"loc":{"start":{"line":58,"column":20},"end":{"line":71,"column":5}},"line":58},"10":{"name":"(anonymous_10)","decl":{"start":{"line":60,"column":40},"end":{"line":60,"column":41}},"loc":{"start":{"line":60,"column":52},"end":{"line":68,"column":9}},"line":60},"11":{"name":"(anonymous_11)","decl":{"start":{"line":158,"column":49},"end":{"line":158,"column":50}},"loc":{"start":{"line":158,"column":62},"end":{"line":245,"column":37}},"line":158},"12":{"name":"(anonymous_12)","decl":{"start":{"line":161,"column":62},"end":{"line":161,"column":63}},"loc":{"start":{"line":161,"column":68},"end":{"line":161,"column":90}},"line":161},"13":{"name":"(anonymous_13)","decl":{"start":{"line":162,"column":62},"end":{"line":162,"column":63}},"loc":{"start":{"line":162,"column":68},"end":{"line":162,"column":84}},"line":162},"14":{"name":"(anonymous_14)","decl":{"start":{"line":169,"column":57},"end":{"line":169,"column":58}},"loc":{"start":{"line":169,"column":63},"end":{"line":171,"column":49}},"line":169},"15":{"name":"(anonymous_15)","decl":{"start":{"line":206,"column":69},"end":{"line":206,"column":70}},"loc":{"start":{"line":206,"column":76},"end":{"line":209,"column":61}},"line":206},"16":{"name":"(anonymous_16)","decl":{"start":{"line":229,"column":69},"end":{"line":229,"column":70}},"loc":{"start":{"line":229,"column":76},"end":{"line":233,"column":61}},"line":229},"17":{"name":"(anonymous_17)","decl":{"start":{"line":258,"column":37},"end":{"line":258,"column":38}},"loc":{"start":{"line":258,"column":43},"end":{"line":258,"column":66}},"line":258}},"branchMap":{"0":{"loc":{"start":{"line":17,"column":39},"end":{"line":17,"column":68}},"type":"binary-expr","locations":[{"start":{"line":17,"column":39},"end":{"line":17,"column":62}},{"start":{"line":17,"column":66},"end":{"line":17,"column":68}}],"line":17},"1":{"loc":{"start":{"line":20,"column":4},"end":{"line":25,"column":5}},"type":"if","locations":[{"start":{"line":20,"column":4},"end":{"line":25,"column":5}},{"start":{},"end":{}}],"line":20},"2":{"loc":{"start":{"line":28,"column":8},"end":{"line":30,"column":9}},"type":"if","locations":[{"start":{"line":28,"column":8},"end":{"line":30,"column":9}},{"start":{},"end":{}}],"line":28},"3":{"loc":{"start":{"line":35,"column":8},"end":{"line":41,"column":9}},"type":"if","locations":[{"start":{"line":35,"column":8},"end":{"line":41,"column":9}},{"start":{"line":39,"column":13},"end":{"line":41,"column":9}}],"line":35},"4":{"loc":{"start":{"line":106,"column":21},"end":{"line":115,"column":21}},"type":"binary-expr","locations":[{"start":{"line":106,"column":21},"end":{"line":106,"column":26}},{"start":{"line":107,"column":24},"end":{"line":114,"column":32}}],"line":106},"5":{"loc":{"start":{"line":165,"column":69},"end":{"line":165,"column":121}},"type":"cond-expr","locations":[{"start":{"line":165,"column":94},"end":{"line":165,"column":105}},{"start":{"line":165,"column":108},"end":{"line":165,"column":121}}],"line":165},"6":{"loc":{"start":{"line":214,"column":71},"end":{"line":214,"column":119}},"type":"cond-expr","locations":[{"start":{"line":214,"column":96},"end":{"line":214,"column":103}},{"start":{"line":214,"column":106},"end":{"line":214,"column":119}}],"line":214},"7":{"loc":{"start":{"line":238,"column":71},"end":{"line":238,"column":117}},"type":"cond-expr","locations":[{"start":{"line":238,"column":96},"end":{"line":238,"column":101}},{"start":{"line":238,"column":104},"end":{"line":238,"column":117}}],"line":238}},"s":{"0":4,"1":15,"2":15,"3":15,"4":15,"5":15,"6":15,"7":15,"8":7,"9":2,"10":2,"11":15,"12":8,"13":3,"14":0,"15":15,"16":2,"17":1,"18":1,"19":15,"20":1,"21":15,"22":1,"23":1,"24":1,"25":1,"26":2,"27":1,"28":0,"29":15,"30":7,"31":7,"32":7,"33":5,"34":5,"35":0,"36":7,"37":7,"38":15,"39":18,"40":1,"41":1,"42":1,"43":1,"44":1,"45":1,"46":1,"47":1},"f":{"0":15,"1":7,"2":8,"3":0,"4":2,"5":1,"6":1,"7":1,"8":2,"9":7,"10":7,"11":18,"12":1,"13":1,"14":1,"15":1,"16":1,"17":1},"b":{"0":[15,13],"1":[2,5],"2":[3,5],"3":[1,1],"4":[15,3],"5":[1,17],"6":[1,17],"7":[1,17]},"_coverageSchema":"1a1c01bbd47fc00a2c39e90264f33305004495a9","hash":"91411fe46f88744781924712cd9164d999460b29"}
,"D:\\VSCode\\Assignment2\\as2\\src\\frontend\\services\\AuthService.js": {"path":"D:\\VSCode\\Assignment2\\as2\\src\\frontend\\services\\AuthService.js","statementMap":{"0":{"start":{"line":3,"column":16},"end":{"line":3,"column":48}},"1":{"start":{"line":5,"column":25},"end":{"line":8,"column":1}},"2":{"start":{"line":6,"column":16},"end":{"line":6,"column":57}},"3":{"start":{"line":7,"column":4},"end":{"line":7,"column":20}}},"fnMap":{"0":{"name":"(anonymous_0)","decl":{"start":{"line":5,"column":25},"end":{"line":5,"column":26}},"loc":{"start":{"line":5,"column":40},"end":{"line":8,"column":1}},"line":5}},"branchMap":{},"s":{"0":3,"1":3,"2":1,"3":0},"f":{"0":1},"b":{},"_coverageSchema":"1a1c01bbd47fc00a2c39e90264f33305004495a9","hash":"32c9458731323c1d880ec2bb854330d23499c917"}
,"D:\\VSCode\\Assignment2\\as2\\src\\frontend\\services\\CategoryService.js": {"path":"D:\\VSCode\\Assignment2\\as2\\src\\frontend\\services\\CategoryService.js","statementMap":{"0":{"start":{"line":3,"column":16},"end":{"line":3,"column":52}},"1":{"start":{"line":5,"column":22},"end":{"line":8,"column":1}},"2":{"start":{"line":6,"column":21},"end":{"line":6,"column":50}},"3":{"start":{"line":7,"column":4},"end":{"line":7,"column":25}}},"fnMap":{"0":{"name":"(anonymous_0)","decl":{"start":{"line":5,"column":22},"end":{"line":5,"column":23}},"loc":{"start":{"line":5,"column":32},"end":{"line":8,"column":1}},"line":5}},"branchMap":{},"s":{"0":5,"1":5,"2":2,"3":0},"f":{"0":2},"b":{},"_coverageSchema":"1a1c01bbd47fc00a2c39e90264f33305004495a9","hash":"3c0e3f8e44c9af9914a5cf71af31351f19840772"}
,"D:\\VSCode\\Assignment2\\as2\\src\\frontend\\services\\ProductService.js": {"path":"D:\\VSCode\\Assignment2\\as2\\src\\frontend\\services\\ProductService.js","statementMap":{"0":{"start":{"line":3,"column":16},"end":{"line":3,"column":51}},"1":{"start":{"line":5,"column":22},"end":{"line":8,"column":1}},"2":{"start":{"line":6,"column":21},"end":{"line":6,"column":63}},"3":{"start":{"line":7,"column":4},"end":{"line":7,"column":25}},"4":{"start":{"line":11,"column":22},"end":{"line":14,"column":1}},"5":{"start":{"line":12,"column":21},"end":{"line":12,"column":62}},"6":{"start":{"line":13,"column":4},"end":{"line":13,"column":25}},"7":{"start":{"line":16,"column":23},"end":{"line":19,"column":1}},"8":{"start":{"line":17,"column":21},"end":{"line":17,"column":66}},"9":{"start":{"line":18,"column":4},"end":{"line":18,"column":25}},"10":{"start":{"line":21,"column":23},"end":{"line":24,"column":1}},"11":{"start":{"line":22,"column":21},"end":{"line":22,"column":60}},"12":{"start":{"line":23,"column":4},"end":{"line":23,"column":24}},"13":{"start":{"line":26,"column":25},"end":{"line":29,"column":1}},"14":{"start":{"line":27,"column":21},"end":{"line":27,"column":68}},"15":{"start":{"line":28,"column":4},"end":{"line":28,"column":25}},"16":{"start":{"line":30,"column":22},"end":{"line":33,"column":1}},"17":{"start":{"line":31,"column":21},"end":{"line":31,"column":50}},"18":{"start":{"line":32,"column":4},"end":{"line":32,"column":25}}},"fnMap":{"0":{"name":"(anonymous_0)","decl":{"start":{"line":5,"column":22},"end":{"line":5,"column":23}},"loc":{"start":{"line":5,"column":37},"end":{"line":8,"column":1}},"line":5},"1":{"name":"(anonymous_1)","decl":{"start":{"line":11,"column":22},"end":{"line":11,"column":23}},"loc":{"start":{"line":11,"column":37},"end":{"line":14,"column":1}},"line":11},"2":{"name":"(anonymous_2)","decl":{"start":{"line":16,"column":23},"end":{"line":16,"column":24}},"loc":{"start":{"line":16,"column":36},"end":{"line":19,"column":1}},"line":16},"3":{"name":"(anonymous_3)","decl":{"start":{"line":21,"column":23},"end":{"line":21,"column":24}},"loc":{"start":{"line":21,"column":36},"end":{"line":24,"column":1}},"line":21},"4":{"name":"(anonymous_4)","decl":{"start":{"line":26,"column":25},"end":{"line":26,"column":26}},"loc":{"start":{"line":26,"column":40},"end":{"line":29,"column":1}},"line":26},"5":{"name":"(anonymous_5)","decl":{"start":{"line":30,"column":22},"end":{"line":30,"column":23}},"loc":{"start":{"line":30,"column":32},"end":{"line":33,"column":1}},"line":30}},"branchMap":{},"s":{"0":6,"1":6,"2":0,"3":0,"4":6,"5":0,"6":0,"7":6,"8":0,"9":0,"10":6,"11":0,"12":0,"13":6,"14":0,"15":0,"16":6,"17":0,"18":0},"f":{"0":0,"1":0,"2":0,"3":0,"4":0,"5":0},"b":{},"_coverageSchema":"1a1c01bbd47fc00a2c39e90264f33305004495a9","hash":"f227392956aada2d02962b6102884b5ea984db7c"}
,"D:\\VSCode\\Assignment2\\as2\\src\\frontend\\utils\\loginValidation.js": {"path":"D:\\VSCode\\Assignment2\\as2\\src\\frontend\\utils\\loginValidation.js","statementMap":{"0":{"start":{"line":2,"column":4},"end":{"line":4,"column":5}},"1":{"start":{"line":3,"column":8},"end":{"line":3,"column":45}},"2":{"start":{"line":5,"column":4},"end":{"line":6,"column":49}},"3":{"start":{"line":6,"column":8},"end":{"line":6,"column":49}},"4":{"start":{"line":8,"column":4},"end":{"line":9,"column":49}},"5":{"start":{"line":9,"column":8},"end":{"line":9,"column":49}},"6":{"start":{"line":11,"column":4},"end":{"line":12,"column":55}},"7":{"start":{"line":12,"column":8},"end":{"line":12,"column":55}},"8":{"start":{"line":14,"column":4},"end":{"line":15,"column":75}},"9":{"start":{"line":15,"column":8},"end":{"line":15,"column":75}},"10":{"start":{"line":17,"column":4},"end":{"line":17,"column":16}},"11":{"start":{"line":22,"column":4},"end":{"line":24,"column":5}},"12":{"start":{"line":23,"column":8},"end":{"line":23,"column":45}},"13":{"start":{"line":25,"column":4},"end":{"line":26,"column":50}},"14":{"start":{"line":26,"column":8},"end":{"line":26,"column":50}},"15":{"start":{"line":28,"column":4},"end":{"line":29,"column":51}},"16":{"start":{"line":29,"column":8},"end":{"line":29,"column":51}},"17":{"start":{"line":31,"column":4},"end":{"line":35,"column":5}},"18":{"start":{"line":33,"column":8},"end":{"line":33,"column":46}},"19":{"start":{"line":37,"column":4},"end":{"line":37,"column":16}}},"fnMap":{"0":{"name":"validateUsername","decl":{"start":{"line":1,"column":16},"end":{"line":1,"column":32}},"loc":{"start":{"line":1,"column":42},"end":{"line":19,"column":1}},"line":1},"1":{"name":"validatePassword","decl":{"start":{"line":21,"column":16},"end":{"line":21,"column":32}},"loc":{"start":{"line":21,"column":42},"end":{"line":39,"column":1}},"line":21}},"branchMap":{"0":{"loc":{"start":{"line":2,"column":4},"end":{"line":4,"column":5}},"type":"if","locations":[{"start":{"line":2,"column":4},"end":{"line":4,"column":5}},{"start":{},"end":{}}],"line":2},"1":{"loc":{"start":{"line":2,"column":7},"end":{"line":2,"column":40}},"type":"binary-expr","locations":[{"start":{"line":2,"column":7},"end":{"line":2,"column":16}},{"start":{"line":2,"column":20},"end":{"line":2,"column":40}}],"line":2},"2":{"loc":{"start":{"line":5,"column":4},"end":{"line":6,"column":49}},"type":"if","locations":[{"start":{"line":5,"column":4},"end":{"line":6,"column":49}},{"start":{},"end":{}}],"line":5},"3":{"loc":{"start":{"line":8,"column":4},"end":{"line":9,"column":49}},"type":"if","locations":[{"start":{"line":8,"column":4},"end":{"line":9,"column":49}},{"start":{},"end":{}}],"line":8},"4":{"loc":{"start":{"line":11,"column":4},"end":{"line":12,"column":55}},"type":"if","locations":[{"start":{"line":11,"column":4},"end":{"line":12,"column":55}},{"start":{},"end":{}}],"line":11},"5":{"loc":{"start":{"line":14,"column":4},"end":{"line":15,"column":75}},"type":"if","locations":[{"start":{"line":14,"column":4},"end":{"line":15,"column":75}},{"start":{},"end":{}}],"line":14},"6":{"loc":{"start":{"line":22,"column":4},"end":{"line":24,"column":5}},"type":"if","locations":[{"start":{"line":22,"column":4},"end":{"line":24,"column":5}},{"start":{},"end":{}}],"line":22},"7":{"loc":{"start":{"line":22,"column":7},"end":{"line":22,"column":40}},"type":"binary-expr","locations":[{"start":{"line":22,"column":7},"end":{"line":22,"column":16}},{"start":{"line":22,"column":20},"end":{"line":22,"column":40}}],"line":22},"8":{"loc":{"start":{"line":25,"column":4},"end":{"line":26,"column":50}},"type":"if","locations":[{"start":{"line":25,"column":4},"end":{"line":26,"column":50}},{"start":{},"end":{}}],"line":25},"9":{"loc":{"start":{"line":28,"column":4},"end":{"line":29,"column":51}},"type":"if","locations":[{"start":{"line":28,"column":4},"end":{"line":29,"column":51}},{"start":{},"end":{}}],"line":28},"10":{"loc":{"start":{"line":31,"column":4},"end":{"line":35,"column":5}},"type":"if","locations":[{"start":{"line":31,"column":4},"end":{"line":35,"column":5}},{"start":{},"end":{}}],"line":31},"11":{"loc":{"start":{"line":31,"column":9},"end":{"line":31,"column":60}},"type":"binary-expr","locations":[{"start":{"line":31,"column":9},"end":{"line":31,"column":34}},{"start":{"line":31,"column":38},"end":{"line":31,"column":60}}],"line":31}},"s":{"0":10,"1":2,"2":8,"3":1,"4":7,"5":1,"6":6,"7":1,"8":5,"9":1,"10":4,"11":9,"12":2,"13":7,"14":1,"15":6,"16":1,"17":5,"18":1,"19":4},"f":{"0":10,"1":9},"b":{"0":[2,8],"1":[10,8],"2":[1,7],"3":[1,6],"4":[1,5],"5":[1,4],"6":[2,7],"7":[9,7],"8":[1,6],"9":[1,5],"10":[1,4],"11":[5,5]},"_coverageSchema":"1a1c01bbd47fc00a2c39e90264f33305004495a9","hash":"6515858833def817f5b669f78e95653466b750ff"}
,"D:\\VSCode\\Assignment2\\as2\\src\\frontend\\utils\\productValidation.js": {"path":"D:\\VSCode\\Assignment2\\as2\\src\\frontend\\utils\\productValidation.js","statementMap":{"0":{"start":{"line":3,"column":72},"end":{"line":3,"column":79}},"1":{"start":{"line":4,"column":19},"end":{"line":4,"column":21}},"2":{"start":{"line":7,"column":4},"end":{"line":14,"column":61}},"3":{"start":{"line":8,"column":8},"end":{"line":8,"column":57}},"4":{"start":{"line":10,"column":9},"end":{"line":14,"column":61}},"5":{"start":{"line":11,"column":8},"end":{"line":11,"column":60}},"6":{"start":{"line":13,"column":9},"end":{"line":14,"column":61}},"7":{"start":{"line":14,"column":8},"end":{"line":14,"column":61}},"8":{"start":{"line":17,"column":4},"end":{"line":24,"column":55}},"9":{"start":{"line":18,"column":8},"end":{"line":18,"column":48}},"10":{"start":{"line":20,"column":9},"end":{"line":24,"column":55}},"11":{"start":{"line":21,"column":8},"end":{"line":21,"column":52}},"12":{"start":{"line":23,"column":9},"end":{"line":24,"column":55}},"13":{"start":{"line":24,"column":8},"end":{"line":24,"column":55}},"14":{"start":{"line":27,"column":4},"end":{"line":34,"column":67}},"15":{"start":{"line":28,"column":8},"end":{"line":28,"column":69}},"16":{"start":{"line":30,"column":9},"end":{"line":34,"column":67}},"17":{"start":{"line":31,"column":8},"end":{"line":31,"column":71}},"18":{"start":{"line":33,"column":9},"end":{"line":34,"column":67}},"19":{"start":{"line":34,"column":8},"end":{"line":34,"column":67}},"20":{"start":{"line":37,"column":4},"end":{"line":38,"column":70}},"21":{"start":{"line":38,"column":8},"end":{"line":38,"column":70}},"22":{"start":{"line":41,"column":4},"end":{"line":44,"column":59}},"23":{"start":{"line":42,"column":8},"end":{"line":42,"column":65}},"24":{"start":{"line":43,"column":9},"end":{"line":44,"column":59}},"25":{"start":{"line":43,"column":34},"end":{"line":43,"column":54}},"26":{"start":{"line":44,"column":8},"end":{"line":44,"column":59}},"27":{"start":{"line":46,"column":4},"end":{"line":46,"column":18}}},"fnMap":{"0":{"name":"validateProduct","decl":{"start":{"line":1,"column":16},"end":{"line":1,"column":31}},"loc":{"start":{"line":1,"column":41},"end":{"line":48,"column":1}},"line":1},"1":{"name":"(anonymous_1)","decl":{"start":{"line":43,"column":29},"end":{"line":43,"column":30}},"loc":{"start":{"line":43,"column":34},"end":{"line":43,"column":54}},"line":43}},"branchMap":{"0":{"loc":{"start":{"line":7,"column":4},"end":{"line":14,"column":61}},"type":"if","locations":[{"start":{"line":7,"column":4},"end":{"line":14,"column":61}},{"start":{"line":10,"column":9},"end":{"line":14,"column":61}}],"line":7},"1":{"loc":{"start":{"line":7,"column":8},"end":{"line":7,"column":35}},"type":"binary-expr","locations":[{"start":{"line":7,"column":8},"end":{"line":7,"column":13}},{"start":{"line":7,"column":17},"end":{"line":7,"column":35}}],"line":7},"2":{"loc":{"start":{"line":10,"column":9},"end":{"line":14,"column":61}},"type":"if","locations":[{"start":{"line":10,"column":9},"end":{"line":14,"column":61}},{"start":{"line":13,"column":9},"end":{"line":14,"column":61}}],"line":10},"3":{"loc":{"start":{"line":13,"column":9},"end":{"line":14,"column":61}},"type":"if","locations":[{"start":{"line":13,"column":9},"end":{"line":14,"column":61}},{"start":{},"end":{}}],"line":13},"4":{"loc":{"start":{"line":17,"column":4},"end":{"line":24,"column":55}},"type":"if","locations":[{"start":{"line":17,"column":4},"end":{"line":24,"column":55}},{"start":{"line":20,"column":9},"end":{"line":24,"column":55}}],"line":17},"5":{"loc":{"start":{"line":20,"column":9},"end":{"line":24,"column":55}},"type":"if","locations":[{"start":{"line":20,"column":9},"end":{"line":24,"column":55}},{"start":{"line":23,"column":9},"end":{"line":24,"column":55}}],"line":20},"6":{"loc":{"start":{"line":23,"column":9},"end":{"line":24,"column":55}},"type":"if","locations":[{"start":{"line":23,"column":9},"end":{"line":24,"column":55}},{"start":{},"end":{}}],"line":23},"7":{"loc":{"start":{"line":27,"column":4},"end":{"line":34,"column":67}},"type":"if","locations":[{"start":{"line":27,"column":4},"end":{"line":34,"column":67}},{"start":{"line":30,"column":9},"end":{"line":34,"column":67}}],"line":27},"8":{"loc":{"start":{"line":30,"column":9},"end":{"line":34,"column":67}},"type":"if","locations":[{"start":{"line":30,"column":9},"end":{"line":34,"column":67}},{"start":{"line":33,"column":9},"end":{"line":34,"column":67}}],"line":30},"9":{"loc":{"start":{"line":33,"column":9},"end":{"line":34,"column":67}},"type":"if","locations":[{"start":{"line":33,"column":9},"end":{"line":34,"column":67}},{"start":{},"end":{}}],"line":33},"10":{"loc":{"start":{"line":37,"column":4},"end":{"line":38,"column":70}},"type":"if","locations":[{"start":{"line":37,"column":4},"end":{"line":38,"column":70}},{"start":{},"end":{}}],"line":37},"11":{"loc":{"start":{"line":41,"column":4},"end":{"line":44,"column":59}},"type":"if","locations":[{"start":{"line":41,"column":4},"end":{"line":44,"column":59}},{"start":{"line":43,"column":9},"end":{"line":44,"column":59}}],"line":41},"12":{"loc":{"start":{"line":43,"column":9},"end":{"line":44,"column":59}},"type":"if","locations":[{"start":{"line":43,"column":9},"end":{"line":44,"column":59}},{"start":{},"end":{}}],"line":43}},"s":{"0":16,"1":16,"2":16,"3":1,"4":15,"5":1,"6":14,"7":1,"8":16,"9":1,"10":15,"11":1,"12":14,"13":1,"14":16,"15":1,"16":15,"17":1,"18":14,"19":1,"20":16,"21":1,"22":16,"23":1,"24":15,"25":18,"26":1,"27":16},"f":{"0":16,"1":18},"b":{"0":[1,15],"1":[16,15],"2":[1,14],"3":[1,13],"4":[1,15],"5":[1,14],"6":[1,13],"7":[1,15],"8":[1,14],"9":[1,13],"10":[1,15],"11":[1,15],"12":[1,14]},"_coverageSchema":"1a1c01bbd47fc00a2c39e90264f33305004495a9","hash":"48627531acff78544b894eeeef8833e776d59a37"}
}
