TN:
SF:utils\loginValidation.js
FN:1,validateUsername
FN:21,validatePassword
FNF:2
FNH:2
FNDA:6,validateUsername
FNDA:5,validatePassword
DA:2,6
DA:3,1
DA:5,5
DA:6,1
DA:8,4
DA:9,1
DA:11,3
DA:12,1
DA:14,2
DA:15,1
DA:17,1
DA:22,5
DA:23,1
DA:25,4
DA:26,1
DA:28,3
DA:29,1
DA:31,2
DA:33,1
DA:37,1
LF:20
LH:20
BRDA:2,0,0,1
BRDA:2,0,1,5
BRDA:2,1,0,6
BRDA:2,1,1,5
BRDA:5,2,0,1
BRDA:5,2,1,4
BRDA:8,3,0,1
BRDA:8,3,1,3
BRDA:11,4,0,1
BRDA:11,4,1,2
BRDA:14,5,0,1
BRDA:14,5,1,1
BRDA:22,6,0,1
BRDA:22,6,1,4
BRDA:22,7,0,5
BRDA:22,7,1,4
BRDA:25,8,0,1
BRDA:25,8,1,3
BRDA:28,9,0,1
BRDA:28,9,1,2
BRDA:31,10,0,1
BRDA:31,10,1,1
BRDA:31,11,0,2
BRDA:31,11,1,2
BRF:24
BRH:24
end_of_record
TN:
SF:utils\productValidation.js
FN:1,validateProduct
FN:43,(anonymous_1)
FNF:2
FNH:2
FNDA:13,validateProduct
FNDA:14,(anonymous_1)
DA:3,13
DA:4,13
DA:7,13
DA:8,1
DA:10,12
DA:11,1
DA:13,11
DA:14,1
DA:17,13
DA:18,1
DA:20,12
DA:21,1
DA:23,11
DA:24,1
DA:27,13
DA:28,1
DA:30,12
DA:31,1
DA:33,11
DA:34,1
DA:37,13
DA:38,1
DA:41,13
DA:42,1
DA:43,14
DA:44,1
DA:46,13
LF:27
LH:27
BRDA:7,0,0,1
BRDA:7,0,1,12
BRDA:7,1,0,13
BRDA:7,1,1,12
BRDA:10,2,0,1
BRDA:10,2,1,11
BRDA:13,3,0,1
BRDA:13,3,1,10
BRDA:17,4,0,1
BRDA:17,4,1,12
BRDA:20,5,0,1
BRDA:20,5,1,11
BRDA:23,6,0,1
BRDA:23,6,1,10
BRDA:27,7,0,1
BRDA:27,7,1,12
BRDA:30,8,0,1
BRDA:30,8,1,11
BRDA:33,9,0,1
BRDA:33,9,1,10
BRDA:37,10,0,1
BRDA:37,10,1,12
BRDA:41,11,0,1
BRDA:41,11,1,12
BRDA:43,12,0,1
BRDA:43,12,1,11
BRF:26
BRH:26
end_of_record
