TN:
SF:assets\CustomRoundedButton.jsx
FN:1,(anonymous_0)
FNF:1
FNH:1
FNDA:82,(anonymous_0)
DA:1,7
DA:2,82
DA:5,82
DA:6,82
LF:4
LH:4
BRDA:2,0,0,0
BRDA:2,0,1,82
BRDA:2,1,0,82
BRDA:2,1,1,82
BRDA:13,2,0,47
BRDA:13,2,1,35
BRDA:14,3,0,47
BRDA:14,3,1,35
BRDA:15,4,0,47
BRDA:15,4,1,35
BRF:10
BRH:9
end_of_record
TN:
SF:assets\Header.jsx
FN:1,(anonymous_0)
FNF:1
FNH:1
FNDA:53,(anonymous_0)
DA:1,5
DA:2,53
LF:2
LH:2
BRF:0
BRH:0
end_of_record
TN:
SF:components\Login.jsx
FN:8,(anonymous_0)
FN:14,(anonymous_1)
FN:82,(anonymous_2)
FN:100,(anonymous_3)
FNF:4
FNH:4
FNDA:30,(anonymous_0)
FNDA:7,(anonymous_1)
FNDA:7,(anonymous_2)
FNDA:7,(anonymous_3)
DA:8,3
DA:9,30
DA:10,30
DA:11,30
DA:12,30
DA:14,30
DA:15,7
DA:16,7
DA:17,7
DA:18,6
DA:19,6
DA:20,6
DA:21,2
DA:23,4
DA:26,0
DA:30,30
DA:82,7
DA:100,7
LF:18
LH:17
BRDA:17,0,0,6
BRDA:17,0,1,1
BRDA:17,1,0,7
BRDA:17,1,1,6
BRDA:20,2,0,2
BRDA:20,2,1,4
BRF:6
BRH:6
end_of_record
TN:
SF:components\ProductDetail.jsx
FN:4,(anonymous_0)
FNF:1
FNH:1
FNDA:1,(anonymous_0)
DA:4,1
DA:5,1
DA:6,1
DA:7,1
DA:9,1
LF:5
LH:5
BRF:0
BRH:0
end_of_record
TN:
SF:components\ProductForm.jsx
FN:12,(anonymous_0)
FN:26,(anonymous_1)
FN:101,(anonymous_2)
FN:107,(anonymous_3)
FN:111,(anonymous_4)
FN:115,(anonymous_5)
FN:128,(anonymous_6)
FN:168,(anonymous_7)
FN:180,(anonymous_8)
FNF:9
FNH:9
FNDA:35,(anonymous_0)
FNDA:4,(anonymous_1)
FNDA:3,(anonymous_2)
FNDA:4,(anonymous_3)
FNDA:4,(anonymous_4)
FNDA:4,(anonymous_5)
FNDA:5,(anonymous_6)
FNDA:1,(anonymous_7)
FNDA:4,(anonymous_8)
DA:12,2
DA:13,35
DA:14,35
DA:15,35
DA:16,35
DA:25,35
DA:26,35
DA:27,4
DA:28,2
DA:29,2
DA:30,1
DA:37,1
DA:38,1
DA:41,2
DA:42,2
DA:43,1
DA:51,1
DA:52,1
DA:53,1
DA:59,35
DA:102,3
DA:107,4
DA:111,4
DA:115,4
DA:129,5
DA:168,1
DA:181,4
DA:182,4
DA:183,4
DA:184,4
LF:30
LH:30
BRDA:17,0,0,35
BRDA:17,0,1,20
BRDA:18,1,0,35
BRDA:18,1,1,20
BRDA:19,2,0,35
BRDA:19,2,1,20
BRDA:20,3,0,35
BRDA:20,3,1,20
BRDA:21,4,0,35
BRDA:21,4,1,20
BRDA:22,5,0,35
BRDA:22,5,1,20
BRDA:23,6,0,35
BRDA:23,6,1,0
BRDA:27,7,0,2
BRDA:27,7,1,2
BRDA:183,8,0,4
BRDA:183,8,1,0
BRDA:187,9,0,15
BRDA:187,9,1,20
BRF:20
BRH:18
end_of_record
TN:
SF:components\ProductList.jsx
FN:10,(anonymous_0)
FN:19,(anonymous_1)
FN:27,(anonymous_2)
FN:29,(anonymous_3)
FN:34,(anonymous_4)
FN:43,(anonymous_5)
FN:47,(anonymous_6)
FN:50,(anonymous_7)
FN:50,(anonymous_8)
FN:58,(anonymous_9)
FN:60,(anonymous_10)
FN:157,(anonymous_11)
FN:160,(anonymous_12)
FN:161,(anonymous_13)
FN:168,(anonymous_14)
FN:205,(anonymous_15)
FN:228,(anonymous_16)
FN:257,(anonymous_17)
FNF:18
FNH:17
FNDA:17,(anonymous_0)
FNDA:7,(anonymous_1)
FNDA:8,(anonymous_2)
FNDA:0,(anonymous_3)
FNDA:2,(anonymous_4)
FNDA:1,(anonymous_5)
FNDA:1,(anonymous_6)
FNDA:1,(anonymous_7)
FNDA:2,(anonymous_8)
FNDA:7,(anonymous_9)
FNDA:7,(anonymous_10)
FNDA:22,(anonymous_11)
FNDA:1,(anonymous_12)
FNDA:1,(anonymous_13)
FNDA:1,(anonymous_14)
FNDA:1,(anonymous_15)
FNDA:1,(anonymous_16)
FNDA:1,(anonymous_17)
DA:10,3
DA:12,17
DA:13,17
DA:14,17
DA:15,17
DA:16,17
DA:17,17
DA:19,17
DA:20,7
DA:22,2
DA:24,2
DA:27,17
DA:28,8
DA:29,3
DA:34,17
DA:35,2
DA:36,1
DA:40,1
DA:43,17
DA:44,1
DA:47,17
DA:48,1
DA:49,1
DA:50,2
DA:51,1
DA:54,0
DA:58,17
DA:60,7
DA:61,7
DA:62,7
DA:63,7
DA:64,7
DA:66,0
DA:69,7
DA:72,17
DA:158,22
DA:160,1
DA:161,1
DA:169,1
DA:206,1
DA:207,1
DA:229,1
DA:230,1
DA:257,1
LF:44
LH:42
BRDA:17,0,0,17
BRDA:17,0,1,13
BRDA:20,1,0,2
BRDA:20,1,1,5
BRDA:28,2,0,3
BRDA:28,2,1,5
BRDA:35,3,0,1
BRDA:35,3,1,1
BRDA:105,4,0,17
BRDA:105,4,1,5
BRDA:164,5,0,1
BRDA:164,5,1,21
BRDA:213,6,0,1
BRDA:213,6,1,21
BRDA:237,7,0,1
BRDA:237,7,1,21
BRF:16
BRH:16
end_of_record
TN:
SF:utils\loginValidation.js
FN:1,validateUsername
FN:21,validatePassword
FNF:2
FNH:2
FNDA:13,validateUsername
FNDA:12,validatePassword
DA:2,13
DA:3,2
DA:5,11
DA:6,1
DA:8,10
DA:9,1
DA:11,9
DA:12,1
DA:14,8
DA:15,1
DA:17,7
DA:22,12
DA:23,2
DA:25,10
DA:26,1
DA:28,9
DA:29,1
DA:31,8
DA:33,1
DA:37,7
LF:20
LH:20
BRDA:2,0,0,2
BRDA:2,0,1,11
BRDA:2,1,0,13
BRDA:2,1,1,11
BRDA:5,2,0,1
BRDA:5,2,1,10
BRDA:8,3,0,1
BRDA:8,3,1,9
BRDA:11,4,0,1
BRDA:11,4,1,8
BRDA:14,5,0,1
BRDA:14,5,1,7
BRDA:22,6,0,2
BRDA:22,6,1,10
BRDA:22,7,0,12
BRDA:22,7,1,10
BRDA:25,8,0,1
BRDA:25,8,1,9
BRDA:28,9,0,1
BRDA:28,9,1,8
BRDA:31,10,0,1
BRDA:31,10,1,7
BRDA:31,11,0,8
BRDA:31,11,1,8
BRF:24
BRH:24
end_of_record
TN:
SF:utils\productValidation.js
FN:1,validateProduct
FN:43,(anonymous_1)
FNF:2
FNH:2
FNDA:18,validateProduct
FNDA:22,(anonymous_1)
DA:3,18
DA:4,18
DA:7,18
DA:8,1
DA:10,17
DA:11,1
DA:13,16
DA:14,1
DA:17,18
DA:18,1
DA:20,17
DA:21,1
DA:23,16
DA:24,1
DA:27,18
DA:28,1
DA:30,17
DA:31,1
DA:33,16
DA:34,1
DA:37,18
DA:38,1
DA:41,18
DA:42,1
DA:43,22
DA:44,1
DA:46,18
LF:27
LH:27
BRDA:7,0,0,1
BRDA:7,0,1,17
BRDA:7,1,0,18
BRDA:7,1,1,17
BRDA:10,2,0,1
BRDA:10,2,1,16
BRDA:13,3,0,1
BRDA:13,3,1,15
BRDA:17,4,0,1
BRDA:17,4,1,17
BRDA:20,5,0,1
BRDA:20,5,1,16
BRDA:23,6,0,1
BRDA:23,6,1,15
BRDA:27,7,0,1
BRDA:27,7,1,17
BRDA:30,8,0,1
BRDA:30,8,1,16
BRDA:33,9,0,1
BRDA:33,9,1,15
BRDA:37,10,0,1
BRDA:37,10,1,17
BRDA:41,11,0,1
BRDA:41,11,1,17
BRDA:43,12,0,1
BRDA:43,12,1,16
BRF:26
BRH:26
end_of_record
