<?xml version="1.0" encoding="UTF-8"?>
<testsuites name="jest tests" tests="2" failures="0" errors="0" time="1.484">
  <testsuite name="Login Integration Test" errors="0" failures="0" skipped="0" timestamp="2025-11-29T11:32:24" time="0.911" tests="2">
    <testcase classname="Login Integration Test Show errors when submit empty username and password" name="Login Integration Test Show errors when submit empty username and password" time="0.073">
    </testcase>
    <testcase classname="Login Integration Test Login successful" name="Login Integration Test Login successful" time="0.049">
    </testcase>
  </testsuite>
</testsuites>